<?xml version="1.0" encoding="UTF-8"?>
<!-- Generated by org.testng.reporters.JUnitReportReporter -->
<testsuite hostname="JIAJUNLUO-MB1" name="com.milo.matium.TestNgClasses.OOMDemo_Test" tests="1" failures="0" timestamp="7 May 2023 08:34:35 GMT" time="0.000" errors="0">
  <testcase name="genarteMethod_test" time="0.000" classname="com.milo.matium.TestNgClasses.OOMDemo_Test"/>
</testsuite> <!-- com.milo.matium.TestNgClasses.OOMDemo_Test -->
